<?xml version="1.0" encoding="utf-8"?><testsuites name="pytest tests"><testsuite name="pytest" errors="0" failures="0" skipped="0" tests="28" time="2.850" timestamp="2026-05-03T12:20:34.535697+00:00" hostname="agent-env-b75cd9ea-4c41-42ad-8340-027b47aa6e1c"><testcase classname="backend.tests.backend_test" name="test_root_ok" time="0.266" /><testcase classname="backend.tests.backend_test" name="test_menu_list_count_and_schema" time="0.060" /><testcase classname="backend.tests.backend_test" name="test_menu_featured_filter" time="0.048" /><testcase classname="backend.tests.backend_test" name="test_menu_category_filter" time="0.046" /><testcase classname="backend.tests.backend_test" name="test_menu_categories" time="0.064" /><testcase classname="backend.tests.backend_test" name="test_create_delivery_order" time="0.051" /><testcase classname="backend.tests.backend_test" name="test_create_pickup_order_no_address" time="0.052" /><testcase classname="backend.tests.backend_test" name="test_create_delivery_empty_address_400" time="0.047" /><testcase classname="backend.tests.backend_test" name="test_create_order_empty_items_400" time="0.045" /><testcase classname="backend.tests.backend_test" name="test_create_contact" time="0.048" /><testcase classname="backend.tests.backend_test" name="test_admin_login_success" time="0.272" /><testcase classname="backend.tests.backend_test" name="test_admin_login_wrong_password" time="0.274" /><testcase classname="backend.tests.backend_test" name="test_admin_login_unknown_email" time="0.054" /><testcase classname="backend.tests.backend_test" name="test_admin_me_with_token" time="0.412" /><testcase classname="backend.tests.backend_test" name="test_admin_me_no_token" time="0.048" /><testcase classname="backend.tests.backend_test" name="test_admin_me_invalid_token" time="0.096" /><testcase classname="backend.tests.backend_test" name="test_admin_stats" time="0.047" /><testcase classname="backend.tests.backend_test" name="test_admin_stats_requires_auth" time="0.045" /><testcase classname="backend.tests.backend_test" name="test_admin_list_orders" time="0.046" /><testcase classname="backend.tests.backend_test" name="test_admin_orders_filter_by_status" time="0.043" /><testcase classname="backend.tests.backend_test" name="test_admin_orders_requires_auth" time="0.044" /><testcase classname="backend.tests.backend_test" name="test_admin_update_order_status" time="0.137" /><testcase classname="backend.tests.backend_test" name="test_admin_update_order_invalid_status_400" time="0.091" /><testcase classname="backend.tests.backend_test" name="test_admin_update_order_not_found" time="0.047" /><testcase classname="backend.tests.backend_test" name="test_admin_list_messages" time="0.050" /><testcase classname="backend.tests.backend_test" name="test_admin_messages_requires_auth" time="0.047" /><testcase classname="backend.tests.backend_test" name="test_admin_mark_message_read" time="0.137" /><testcase classname="backend.tests.backend_test" name="test_admin_mark_message_not_found" time="0.044" /></testsuite></testsuites>