<?xml version="1.0" encoding="utf-8"?><testsuites name="pytest tests"><testsuite name="pytest" errors="0" failures="0" skipped="0" tests="9" time="1.066" timestamp="2026-05-03T09:20:04.836237+00:00" hostname="agent-env-b75cd9ea-4c41-42ad-8340-027b47aa6e1c"><testcase classname="backend.tests.backend_test" name="test_root_ok" time="0.442" /><testcase classname="backend.tests.backend_test" name="test_menu_list_count_and_schema" time="0.054" /><testcase classname="backend.tests.backend_test" name="test_menu_featured_filter" time="0.050" /><testcase classname="backend.tests.backend_test" name="test_menu_category_filter" time="0.048" /><testcase classname="backend.tests.backend_test" name="test_menu_categories" time="0.056" /><testcase classname="backend.tests.backend_test" name="test_create_order_persists" time="0.096" /><testcase classname="backend.tests.backend_test" name="test_create_order_empty_items_400" time="0.044" /><testcase classname="backend.tests.backend_test" name="test_orders_sorted_desc" time="0.052" /><testcase classname="backend.tests.backend_test" name="test_create_contact_and_list" time="0.093" /></testsuite></testsuites>